2024-04-14 08:52:02,908:INFO:PyCaret Supervised Module
2024-04-14 08:52:02,909:INFO:ML Usecase: classification
2024-04-14 08:52:02,909:INFO:version 2.3.8
2024-04-14 08:52:02,909:INFO:Initializing setup()
2024-04-14 08:52:02,909:INFO:setup(target=target_column, ml_usecase=classification, available_plots={'parameter': 'Hyperparameters', 'auc': 'AUC', 'confusion_matrix': 'Confusion Matrix', 'threshold': 'Threshold', 'pr': 'Precision Recall', 'error': 'Prediction Error', 'class_report': 'Class Report', 'rfe': 'Feature Selection', 'learning': 'Learning Curve', 'manifold': 'Manifold Learning', 'calibration': 'Calibration Curve', 'vc': 'Validation Curve', 'dimension': 'Dimensions', 'feature': 'Feature Importance', 'feature_all': 'Feature Importance (All)', 'boundary': 'Decision Boundary', 'lift': 'Lift Chart', 'gain': 'Gain Chart', 'tree': 'Decision Tree', 'ks': 'KS Statistic Plot'}, train_size=0.7, test_data=None, preprocess=True, imputation_type=simple, iterative_imputation_iters=5, categorical_features=None, categorical_imputation=constant, categorical_iterative_imputer=lightgbm, ordinal_features=None, high_cardinality_features=None, high_cardinality_method=frequency, numeric_features=None, numeric_imputation=mean, numeric_iterative_imputer=lightgbm, date_features=None, ignore_features=None, normalize=False, normalize_method=zscore, transformation=False, transformation_method=yeo-johnson, handle_unknown_categorical=True, unknown_categorical_method=least_frequent, pca=False, pca_method=linear, pca_components=None, ignore_low_variance=False, combine_rare_levels=False, rare_level_threshold=0.1, bin_numeric_features=None, remove_outliers=False, outliers_threshold=0.05, remove_multicollinearity=False, multicollinearity_threshold=0.9, remove_perfect_collinearity=True, create_clusters=False, cluster_iter=20, polynomial_features=False, polynomial_degree=2, trigonometry_features=False, polynomial_threshold=0.1, group_features=None, group_names=None, feature_selection=False, feature_selection_threshold=0.8, feature_selection_method=classic, feature_interaction=False, feature_ratio=False, interaction_threshold=0.01, fix_imbalance=False, fix_imbalance_method=None, transform_target=False, transform_target_method=box-cox, data_split_shuffle=True, data_split_stratify=False, fold_strategy=stratifiedkfold, fold=10, fold_shuffle=False, fold_groups=None, n_jobs=-1, use_gpu=False, custom_pipeline=None, html=False, session_id=None, log_experiment=False, experiment_name=None, experiment_custom_tags=None, log_plots=False, log_profile=False, log_data=False, silent=True, verbose=False, profile=False, profile_kwargs=None, display=None)
2024-04-14 08:52:02,909:INFO:Checking environment
2024-04-14 08:52:02,909:INFO:python_version: 3.8.12
2024-04-14 08:52:02,910:INFO:python_build: ('default', 'Oct 12 2021 21:59:51')
2024-04-14 08:52:02,910:INFO:machine: x86_64
2024-04-14 08:52:02,910:INFO:platform: Linux-6.2.0-26-generic-x86_64-with-glibc2.10
2024-04-14 08:52:02,911:INFO:Memory: svmem(total=236244721664, available=198847012864, percent=15.8, used=35688980480, free=70323253248, active=58043691008, inactive=94990888960, buffers=51664703488, cached=78567784448, shared=71106560, slab=5845794816)
2024-04-14 08:52:02,915:INFO:Physical Core: 32
2024-04-14 08:52:02,915:INFO:Logical Core: 64
2024-04-14 08:52:02,915:INFO:Checking libraries
2024-04-14 08:52:02,915:INFO:pd==1.4.3
2024-04-14 08:52:02,915:INFO:numpy==1.22.2
2024-04-14 08:52:02,915:INFO:sklearn==0.23.2
2024-04-14 08:52:02,916:INFO:lightgbm==3.3.2
2024-04-14 08:52:02,916:WARNING:catboost not found
2024-04-14 08:52:02,939:INFO:xgboost==1.5.0
2024-04-14 08:52:02,939:INFO:mlflow==1.26.1
2024-04-14 08:52:02,939:INFO:Checking Exceptions
